<?xml version="1.0" encoding="UTF-8"?>
<testsuite xmlns:xsi="http://www.w3.org/2001/XMLSchema-instance" xsi:noNamespaceSchemaLocation="https://maven.apache.org/surefire/maven-surefire-plugin/xsd/surefire-test-report-3.0.xsd" version="3.0" name="com.my.tests.GradeTest" time="0.032" tests="21" errors="0" skipped="0" failures="0">
  <properties>
    <property name="java.specification.version" value="21"/>
    <property name="sun.cpu.isalist" value="amd64"/>
    <property name="sun.jnu.encoding" value="Cp1250"/>
    <property name="java.class.path" value="C:\Users\Zuza\Desktop\ugabuga\Dziennik\target\test-classes;C:\Users\Zuza\.m2\repository\org\openjfx\javafx-controls\13\javafx-controls-13.jar;C:\Users\Zuza\.m2\repository\org\openjfx\javafx-graphics\13\javafx-graphics-13.jar;C:\Users\Zuza\.m2\repository\org\openjfx\javafx-base\13\javafx-base-13.jar;C:\Users\Zuza\.m2\repository\org\openjfx\javafx-fxml\13\javafx-fxml-13.jar;C:\Users\Zuza\.m2\repository\org\junit\jupiter\junit-jupiter-api\5.11.3\junit-jupiter-api-5.11.3.jar;C:\Users\Zuza\.m2\repository\org\opentest4j\opentest4j\1.3.0\opentest4j-1.3.0.jar;C:\Users\Zuza\.m2\repository\org\junit\platform\junit-platform-commons\1.11.3\junit-platform-commons-1.11.3.jar;C:\Users\Zuza\.m2\repository\org\apiguardian\apiguardian-api\1.1.2\apiguardian-api-1.1.2.jar;C:\Users\Zuza\.m2\repository\org\junit\jupiter\junit-jupiter-params\5.11.3\junit-jupiter-params-5.11.3.jar;"/>
    <property name="java.vm.vendor" value="Oracle Corporation"/>
    <property name="sun.arch.data.model" value="64"/>
    <property name="user.variant" value=""/>
    <property name="java.vendor.url" value="https://java.oracle.com/"/>
    <property name="user.timezone" value="Europe/Warsaw"/>
    <property name="os.name" value="Windows 11"/>
    <property name="java.vm.specification.version" value="21"/>
    <property name="user.country" value="PL"/>
    <property name="sun.java.launcher" value="SUN_STANDARD"/>
    <property name="sun.boot.library.path" value="C:\Program Files\Java\jdk-21\bin"/>
    <property name="sun.java.command" value="org.apache.maven.surefire.booter.ForkedBooter C:\Users\Zuza\AppData\Local\Temp\surefire10137073064772800619 2024-12-03T23-45-23_280-jvmRun1 surefire-20241203234523494_1tmp surefire_0-20241203234523494_2tmp"/>
    <property name="jdk.debug" value="release"/>
    <property name="surefire.test.class.path" value="C:\Users\Zuza\Desktop\ugabuga\Dziennik\target\test-classes;C:\Users\Zuza\.m2\repository\org\openjfx\javafx-controls\13\javafx-controls-13.jar;C:\Users\Zuza\.m2\repository\org\openjfx\javafx-graphics\13\javafx-graphics-13.jar;C:\Users\Zuza\.m2\repository\org\openjfx\javafx-base\13\javafx-base-13.jar;C:\Users\Zuza\.m2\repository\org\openjfx\javafx-fxml\13\javafx-fxml-13.jar;C:\Users\Zuza\.m2\repository\org\junit\jupiter\junit-jupiter-api\5.11.3\junit-jupiter-api-5.11.3.jar;C:\Users\Zuza\.m2\repository\org\opentest4j\opentest4j\1.3.0\opentest4j-1.3.0.jar;C:\Users\Zuza\.m2\repository\org\junit\platform\junit-platform-commons\1.11.3\junit-platform-commons-1.11.3.jar;C:\Users\Zuza\.m2\repository\org\apiguardian\apiguardian-api\1.1.2\apiguardian-api-1.1.2.jar;C:\Users\Zuza\.m2\repository\org\junit\jupiter\junit-jupiter-params\5.11.3\junit-jupiter-params-5.11.3.jar;"/>
    <property name="sun.cpu.endian" value="little"/>
    <property name="user.home" value="C:\Users\Zuza"/>
    <property name="user.language" value="pl"/>
    <property name="java.specification.vendor" value="Oracle Corporation"/>
    <property name="jdk.module.path" value="C:\Users\Zuza\Desktop\ugabuga\Dziennik\target\classes;C:\Users\Zuza\.m2\repository\org\openjfx\javafx-controls\13\javafx-controls-13-win.jar;C:\Users\Zuza\.m2\repository\org\openjfx\javafx-graphics\13\javafx-graphics-13-win.jar;C:\Users\Zuza\.m2\repository\org\openjfx\javafx-base\13\javafx-base-13-win.jar;C:\Users\Zuza\.m2\repository\org\openjfx\javafx-fxml\13\javafx-fxml-13-win.jar;C:\Users\Zuza\.m2\repository\org\projectlombok\lombok\1.18.34\lombok-1.18.34.jar"/>
    <property name="java.version.date" value="2024-10-15"/>
    <property name="java.home" value="C:\Program Files\Java\jdk-21"/>
    <property name="file.separator" value="\"/>
    <property name="basedir" value="C:\Users\Zuza\Desktop\ugabuga\Dziennik"/>
    <property name="java.vm.compressedOopsMode" value="Zero based"/>
    <property name="line.separator" value="&#10;"/>
    <property name="java.vm.specification.vendor" value="Oracle Corporation"/>
    <property name="java.specification.name" value="Java Platform API Specification"/>
    <property name="surefire.real.class.path" value="C:\Users\Zuza\.m2\repository\org\apache\maven\surefire\surefire-booter\3.2.5\surefire-booter-3.2.5.jar;C:\Users\Zuza\.m2\repository\org\apache\maven\surefire\surefire-api\3.2.5\surefire-api-3.2.5.jar;C:\Users\Zuza\.m2\repository\org\apache\maven\surefire\surefire-logger-api\3.2.5\surefire-logger-api-3.2.5.jar;C:\Users\Zuza\.m2\repository\org\apache\maven\surefire\surefire-shared-utils\3.2.5\surefire-shared-utils-3.2.5.jar;C:\Users\Zuza\.m2\repository\org\apache\maven\surefire\surefire-extensions-spi\3.2.5\surefire-extensions-spi-3.2.5.jar;C:\Users\Zuza\Desktop\ugabuga\Dziennik\target\test-classes;C:\Users\Zuza\.m2\repository\org\openjfx\javafx-controls\13\javafx-controls-13.jar;C:\Users\Zuza\.m2\repository\org\openjfx\javafx-graphics\13\javafx-graphics-13.jar;C:\Users\Zuza\.m2\repository\org\openjfx\javafx-base\13\javafx-base-13.jar;C:\Users\Zuza\.m2\repository\org\openjfx\javafx-fxml\13\javafx-fxml-13.jar;C:\Users\Zuza\.m2\repository\org\junit\jupiter\junit-jupiter-api\5.11.3\junit-jupiter-api-5.11.3.jar;C:\Users\Zuza\.m2\repository\org\opentest4j\opentest4j\1.3.0\opentest4j-1.3.0.jar;C:\Users\Zuza\.m2\repository\org\junit\platform\junit-platform-commons\1.11.3\junit-platform-commons-1.11.3.jar;C:\Users\Zuza\.m2\repository\org\apiguardian\apiguardian-api\1.1.2\apiguardian-api-1.1.2.jar;C:\Users\Zuza\.m2\repository\org\junit\jupiter\junit-jupiter-params\5.11.3\junit-jupiter-params-5.11.3.jar;C:\Users\Zuza\.m2\repository\org\apache\maven\surefire\surefire-junit-platform\3.2.5\surefire-junit-platform-3.2.5.jar;C:\Users\Zuza\.m2\repository\org\apache\maven\surefire\common-java5\3.2.5\common-java5-3.2.5.jar;C:\Users\Zuza\.m2\repository\org\junit\platform\junit-platform-launcher\1.11.3\junit-platform-launcher-1.11.3.jar;C:\Users\Zuza\.m2\repository\org\junit\platform\junit-platform-engine\1.11.3\junit-platform-engine-1.11.3.jar;C:\Users\Zuza\.m2\repository\org\junit\jupiter\junit-jupiter-engine\5.11.3\junit-jupiter-engine-5.11.3.jar"/>
    <property name="user.script" value=""/>
    <property name="sun.management.compiler" value="HotSpot 64-Bit Tiered Compilers"/>
    <property name="java.runtime.version" value="21.0.5+9-LTS-239"/>
    <property name="user.name" value="Zuza"/>
    <property name="stdout.encoding" value="Cp1250"/>
    <property name="path.separator" value=";"/>
    <property name="os.version" value="10.0"/>
    <property name="java.runtime.name" value="Java(TM) SE Runtime Environment"/>
    <property name="file.encoding" value="UTF-8"/>
    <property name="java.vm.name" value="Java HotSpot(TM) 64-Bit Server VM"/>
    <property name="maven.ext.class.path" value="C:\Program Files\NetBeans-23\netbeans\java\maven-nblib\netbeans-eventspy.jar"/>
    <property name="localRepository" value="C:\Users\Zuza\.m2\repository"/>
    <property name="java.vendor.url.bug" value="https://bugreport.java.com/bugreport/"/>
    <property name="java.io.tmpdir" value="C:\Users\Zuza\AppData\Local\Temp\"/>
    <property name="java.version" value="21.0.5"/>
    <property name="user.dir" value="C:\Users\Zuza\Desktop\ugabuga\Dziennik"/>
    <property name="os.arch" value="amd64"/>
    <property name="java.vm.specification.name" value="Java Virtual Machine Specification"/>
    <property name="sun.os.patch.level" value=""/>
    <property name="native.encoding" value="Cp1250"/>
    <property name="java.library.path" value="C:\Program Files\Java\jdk-21\bin;C:\WINDOWS\Sun\Java\bin;C:\WINDOWS\system32;C:\WINDOWS;C:\Program Files\Common Files\Oracle\Java\javapath;C:\Program Files (x86)\Common Files\Oracle\Java\javapath;C:\WINDOWS\system32;C:\WINDOWS;C:\WINDOWS\System32\Wbem;C:\WINDOWS\System32\WindowsPowerShell\v1.0\;C:\WINDOWS\System32\OpenSSH\;C:\Program Files\NVIDIA Corporation\NVIDIA NvDLISR;C:\Program Files (x86)\NVIDIA Corporation\PhysX\Common;C:\Program Files\Microsoft SQL Server\150\Tools\Binn\;C:\Program Files\dotnet\;C:\Program Files (x86)\Windows Kits\10\Windows Performance Toolkit\;C:\Program Files\Git\cmd;C:\Users\Zuza\AppData\Local\Microsoft\WindowsApps;C:\Users\Zuza\.dotnet\tools;."/>
    <property name="java.vm.info" value="mixed mode"/>
    <property name="stderr.encoding" value="Cp1250"/>
    <property name="java.vendor" value="Oracle Corporation"/>
    <property name="java.vm.version" value="21.0.5+9-LTS-239"/>
    <property name="sun.io.unicode.encoding" value="UnicodeLittle"/>
    <property name="java.class.version" value="65.0"/>
  </properties>
  <testcase name="correctSubjectTest(String)[1]" classname="com.my.tests.GradeTest" time="0.003"/>
  <testcase name="correctSubjectTest(String)[2]" classname="com.my.tests.GradeTest" time="0.001"/>
  <testcase name="incorrectubjectTestv2(String)[1]" classname="com.my.tests.GradeTest" time="0.001"/>
  <testcase name="incorrectubjectTestv2(String)[2]" classname="com.my.tests.GradeTest" time="0.001"/>
  <testcase name="incorrectubjectTestv2(String)[3]" classname="com.my.tests.GradeTest" time="0.001"/>
  <testcase name="incorrectubjectTestv2(String)[4]" classname="com.my.tests.GradeTest" time="0.0"/>
  <testcase name="incorrectubjectTestv2(String)[5]" classname="com.my.tests.GradeTest" time="0.001"/>
  <testcase name="incorrectubjectTest(String)[1]" classname="com.my.tests.GradeTest" time="0.0"/>
  <testcase name="incorrectubjectTest(String)[2]" classname="com.my.tests.GradeTest" time="0.001"/>
  <testcase name="incorrectubjectTest(String)[3]" classname="com.my.tests.GradeTest" time="0.0"/>
  <testcase name="incorrectubjectTest(String)[4]" classname="com.my.tests.GradeTest" time="0.001"/>
  <testcase name="incorrectubjectTest(String)[5]" classname="com.my.tests.GradeTest" time="0.0"/>
  <testcase name="settingSubjectOkTest(String)[1]" classname="com.my.tests.GradeTest" time="0.0"/>
  <testcase name="settingSubjectOkTest(String)[2]" classname="com.my.tests.GradeTest" time="0.001"/>
  <testcase name="settingSubjectOkTest(String)[3]" classname="com.my.tests.GradeTest" time="0.0"/>
  <testcase name="settingSubjectWrongTest(String)[1]" classname="com.my.tests.GradeTest" time="0.0"/>
  <testcase name="settingSubjectWrongTest(String)[2]" classname="com.my.tests.GradeTest" time="0.001"/>
  <testcase name="settingSubjectWrongTest(String)[3]" classname="com.my.tests.GradeTest" time="0.0"/>
  <testcase name="correctGradeParamTest(String, int)[1]" classname="com.my.tests.GradeTest" time="0.003"/>
  <testcase name="correctGradeParamTest(String, int)[2]" classname="com.my.tests.GradeTest" time="0.0"/>
  <testcase name="correctGradeParamTest(String, int)[3]" classname="com.my.tests.GradeTest" time="0.001"/>
</testsuite>